<?xml version="1.0" encoding="UTF-8"?>
<!-- Generated by org.testng.reporters.JUnitReportReporter -->
<testsuite hostname="AshX" failures="0" tests="1" name="testCases.TC_001_AccountRegistrationTest" time="1.474" errors="0" timestamp="2024-10-20T15:41:50 IST" skipped="0">
  <testcase classname="testCases.TC_001_AccountRegistrationTest" name="verify_account_registration" time="1.474"/>
</testsuite> <!-- testCases.TC_001_AccountRegistrationTest -->
