<?xml version="1.0" encoding="UTF-8"?>
<!-- Generated by org.testng.reporters.JUnitReportReporter -->
<testsuite hostname="AshX" failures="0" tests="2" name="testCases.TC001_AccountRegistrationTest" time="2.498" errors="0" timestamp="2024-10-20T15:34:57 IST" skipped="0">
  <testcase classname="testCases.TC001_AccountRegistrationTest" name="verify_account_registration" time="1.249"/>
  <testcase classname="testCases.TC001_AccountRegistrationTest" name="verify_account_registration" time="1.249"/>
</testsuite> <!-- testCases.TC001_AccountRegistrationTest -->
